{"/Users/marthasimmons/code/restraunts/modules.js": {"path":"/Users/marthasimmons/code/restraunts/modules.js","statementMap":{"0":{"start":{"line":3,"column":24},"end":{"line":3,"column":26}},"1":{"start":{"line":6,"column":8},"end":{"line":6,"column":65}},"2":{"start":{"line":6,"column":19},"end":{"line":6,"column":65}},"3":{"start":{"line":7,"column":8},"end":{"line":7,"column":24}},"4":{"start":{"line":8,"column":8},"end":{"line":8,"column":39}},"5":{"start":{"line":9,"column":8},"end":{"line":9,"column":26}},"6":{"start":{"line":10,"column":8},"end":{"line":10,"column":23}},"7":{"start":{"line":11,"column":8},"end":{"line":11,"column":24}},"8":{"start":{"line":12,"column":8},"end":{"line":12,"column":39}},"9":{"start":{"line":16,"column":8},"end":{"line":16,"column":29}},"10":{"start":{"line":20,"column":8},"end":{"line":20,"column":31}},"11":{"start":{"line":30,"column":8},"end":{"line":30,"column":60}},"12":{"start":{"line":30,"column":19},"end":{"line":30,"column":60}},"13":{"start":{"line":31,"column":8},"end":{"line":31,"column":24}},"14":{"start":{"line":32,"column":8},"end":{"line":32,"column":23}},"15":{"start":{"line":36,"column":8},"end":{"line":36,"column":29}},"16":{"start":{"line":44,"column":8},"end":{"line":44,"column":60}},"17":{"start":{"line":44,"column":19},"end":{"line":44,"column":60}},"18":{"start":{"line":45,"column":8},"end":{"line":45,"column":24}},"19":{"start":{"line":46,"column":8},"end":{"line":46,"column":38}},"20":{"start":{"line":47,"column":8},"end":{"line":47,"column":26}},"21":{"start":{"line":54,"column":8},"end":{"line":54,"column":65}},"22":{"start":{"line":54,"column":21},"end":{"line":54,"column":65}},"23":{"start":{"line":55,"column":8},"end":{"line":55,"column":28}},"24":{"start":{"line":56,"column":8},"end":{"line":56,"column":26}},"25":{"start":{"line":60,"column":8},"end":{"line":60,"column":35}},"26":{"start":{"line":67,"column":8},"end":{"line":67,"column":123}},"27":{"start":{"line":67,"column":70},"end":{"line":67,"column":123}},"28":{"start":{"line":68,"column":8},"end":{"line":68,"column":24}},"29":{"start":{"line":69,"column":8},"end":{"line":69,"column":61}},"30":{"start":{"line":73,"column":0},"end":{"line":79,"column":1}}},"fnMap":{"0":{"name":"(anonymous_0)","decl":{"start":{"line":5,"column":4},"end":{"line":5,"column":5}},"loc":{"start":{"line":5,"column":72},"end":{"line":13,"column":5}},"line":5},"1":{"name":"(anonymous_1)","decl":{"start":{"line":15,"column":4},"end":{"line":15,"column":5}},"loc":{"start":{"line":15,"column":18},"end":{"line":17,"column":5}},"line":15},"2":{"name":"(anonymous_2)","decl":{"start":{"line":19,"column":4},"end":{"line":19,"column":5}},"loc":{"start":{"line":19,"column":20},"end":{"line":21,"column":5}},"line":19},"3":{"name":"(anonymous_3)","decl":{"start":{"line":29,"column":4},"end":{"line":29,"column":5}},"loc":{"start":{"line":29,"column":24},"end":{"line":33,"column":5}},"line":29},"4":{"name":"(anonymous_4)","decl":{"start":{"line":35,"column":4},"end":{"line":35,"column":5}},"loc":{"start":{"line":35,"column":18},"end":{"line":37,"column":5}},"line":35},"5":{"name":"(anonymous_5)","decl":{"start":{"line":43,"column":4},"end":{"line":43,"column":5}},"loc":{"start":{"line":43,"column":63},"end":{"line":48,"column":5}},"line":43},"6":{"name":"(anonymous_6)","decl":{"start":{"line":53,"column":4},"end":{"line":53,"column":5}},"loc":{"start":{"line":53,"column":26},"end":{"line":57,"column":5}},"line":53},"7":{"name":"(anonymous_7)","decl":{"start":{"line":59,"column":4},"end":{"line":59,"column":5}},"loc":{"start":{"line":59,"column":18},"end":{"line":61,"column":5}},"line":59},"8":{"name":"(anonymous_8)","decl":{"start":{"line":66,"column":4},"end":{"line":66,"column":5}},"loc":{"start":{"line":66,"column":58},"end":{"line":70,"column":5}},"line":66}},"branchMap":{"0":{"loc":{"start":{"line":5,"column":23},"end":{"line":5,"column":48}},"type":"default-arg","locations":[{"start":{"line":5,"column":36},"end":{"line":5,"column":48}}],"line":5},"1":{"loc":{"start":{"line":5,"column":50},"end":{"line":5,"column":69}},"type":"default-arg","locations":[{"start":{"line":5,"column":57},"end":{"line":5,"column":69}}],"line":5},"2":{"loc":{"start":{"line":6,"column":8},"end":{"line":6,"column":65}},"type":"if","locations":[{"start":{"line":6,"column":8},"end":{"line":6,"column":65}},{"start":{"line":6,"column":8},"end":{"line":6,"column":65}}],"line":6},"3":{"loc":{"start":{"line":30,"column":8},"end":{"line":30,"column":60}},"type":"if","locations":[{"start":{"line":30,"column":8},"end":{"line":30,"column":60}},{"start":{"line":30,"column":8},"end":{"line":30,"column":60}}],"line":30},"4":{"loc":{"start":{"line":43,"column":23},"end":{"line":43,"column":48}},"type":"default-arg","locations":[{"start":{"line":43,"column":36},"end":{"line":43,"column":48}}],"line":43},"5":{"loc":{"start":{"line":43,"column":50},"end":{"line":43,"column":60}},"type":"default-arg","locations":[{"start":{"line":43,"column":57},"end":{"line":43,"column":60}}],"line":43},"6":{"loc":{"start":{"line":44,"column":8},"end":{"line":44,"column":60}},"type":"if","locations":[{"start":{"line":44,"column":8},"end":{"line":44,"column":60}},{"start":{"line":44,"column":8},"end":{"line":44,"column":60}}],"line":44},"7":{"loc":{"start":{"line":54,"column":8},"end":{"line":54,"column":65}},"type":"if","locations":[{"start":{"line":54,"column":8},"end":{"line":54,"column":65}},{"start":{"line":54,"column":8},"end":{"line":54,"column":65}}],"line":54},"8":{"loc":{"start":{"line":67,"column":8},"end":{"line":67,"column":123}},"type":"if","locations":[{"start":{"line":67,"column":8},"end":{"line":67,"column":123}},{"start":{"line":67,"column":8},"end":{"line":67,"column":123}}],"line":67},"9":{"loc":{"start":{"line":67,"column":12},"end":{"line":67,"column":67}},"type":"binary-expr","locations":[{"start":{"line":67,"column":12},"end":{"line":67,"column":17}},{"start":{"line":67,"column":21},"end":{"line":67,"column":25}},{"start":{"line":67,"column":29},"end":{"line":67,"column":35}},{"start":{"line":67,"column":39},"end":{"line":67,"column":44}},{"start":{"line":67,"column":48},"end":{"line":67,"column":54}},{"start":{"line":67,"column":59},"end":{"line":67,"column":67}}],"line":67}},"s":{"0":1,"1":2,"2":1,"3":1,"4":1,"5":1,"6":1,"7":1,"8":1,"9":2,"10":2,"11":3,"12":1,"13":2,"14":2,"15":2,"16":3,"17":1,"18":2,"19":2,"20":2,"21":3,"22":1,"23":2,"24":2,"25":1,"26":2,"27":1,"28":1,"29":1,"30":1},"f":{"0":2,"1":2,"2":2,"3":3,"4":2,"5":3,"6":3,"7":1,"8":2},"b":{"0":[1],"1":[2],"2":[1,1],"3":[1,2],"4":[3],"5":[2],"6":[1,2],"7":[1,2],"8":[1,1],"9":[2,1,1,1,1,1]},"_coverageSchema":"1a1c01bbd47fc00a2c39e90264f33305004495a9","hash":"7410d6e2ae38982a7e7eadf927b12f34e11aa12a"}
}
