TN:
SF:modules.js
FN:5,(anonymous_0)
FN:15,(anonymous_1)
FN:19,(anonymous_2)
FN:29,(anonymous_3)
FN:35,(anonymous_4)
FN:43,(anonymous_5)
FN:53,(anonymous_6)
FN:59,(anonymous_7)
FN:66,(anonymous_8)
FNF:9
FNH:9
FNDA:2,(anonymous_0)
FNDA:2,(anonymous_1)
FNDA:2,(anonymous_2)
FNDA:3,(anonymous_3)
FNDA:2,(anonymous_4)
FNDA:3,(anonymous_5)
FNDA:3,(anonymous_6)
FNDA:1,(anonymous_7)
FNDA:2,(anonymous_8)
DA:3,1
DA:6,2
DA:7,1
DA:8,1
DA:9,1
DA:10,1
DA:11,1
DA:12,1
DA:16,2
DA:20,2
DA:30,3
DA:31,2
DA:32,2
DA:36,2
DA:44,3
DA:45,2
DA:46,2
DA:47,2
DA:54,3
DA:55,2
DA:56,2
DA:60,1
DA:67,2
DA:68,1
DA:69,1
DA:73,1
LF:26
LH:26
BRDA:5,0,0,1
BRDA:5,1,0,2
BRDA:6,2,0,1
BRDA:6,2,1,1
BRDA:30,3,0,1
BRDA:30,3,1,2
BRDA:43,4,0,3
BRDA:43,5,0,2
BRDA:44,6,0,1
BRDA:44,6,1,2
BRDA:54,7,0,1
BRDA:54,7,1,2
BRDA:67,8,0,1
BRDA:67,8,1,1
BRDA:67,9,0,2
BRDA:67,9,1,1
BRDA:67,9,2,1
BRDA:67,9,3,1
BRDA:67,9,4,1
BRDA:67,9,5,1
BRF:20
BRH:20
end_of_record
